<?xml version="1.0" encoding="UTF-8"?>
<!-- Generated by org.testng.reporters.JUnitXMLReporter -->
<testsuite ignored="0" hostname="LAPTOP-0VG3MV3R" failures="0" tests="4" name="listner" time="47.361" errors="0" timestamp="2024-03-14T17:20:51 IST">
  <testcase classname="com.swag_labs.testcase.login_page_test" name="login" time="2.098"/>
  <testcase classname="com.swag_labs.testcase.login_page_test" name="login" time="1.628"/>
  <testcase classname="com.swag_labs.testcase.login_page_test" name="login" time="2.509"/>
  <testcase classname="com.swag_labs.testcase.login_page_test" name="login" time="7.44"/>
</testsuite> <!-- listner -->
